========================================================================
SIAMESE NETWORK TRAINING JOB STARTED
========================================================================
Job ID: 41079040
Node: sg018
Start Time: Mon Dec  1 18:51:48 MST 2025
========================================================================
Using custom Python: /home/raswanth/.conda/envs/i24/bin/python
Python version:
Python 3.10.0

PyTorch check:
PyTorch version: 2.8.0+cu126
CUDA available: True
CUDA version: 12.6
GPU count: 1

Checking dependencies:
✓ All dependencies imported successfully

✓ Created logs/ and outputs/ directories

========================================================================
STARTING TRAINING
========================================================================
Training configuration:
  - Datasets: i, ii, iii (all scenarios)
  - Batch size: 32
  - Epochs: 50
  - Model: Bidirectional LSTM (128 hidden units, 2 layers)
  - Device: GPU (if available)
========================================================================

Using device: cuda
GPU: NVIDIA A100-SXM4-80GB

============================================================
LOADING DATASET
============================================================

============================================================
GENERATING SIAMESE NETWORK TRAINING PAIRS
============================================================

Processing dataset: i
Loaded i: 313 GT trajectories, 789 RAW fragments
Generating positive pairs...
Generated 178 positive pairs
Mining hard negative pairs...
Generated 178 negative pairs

Processing dataset: ii
Loaded ii: 99 GT trajectories, 411 RAW fragments
Generating positive pairs...
Generated 207 positive pairs
Mining hard negative pairs...
Generated 207 negative pairs

Processing dataset: iii
Loaded iii: 266 GT trajectories, 1112 RAW fragments
Generating positive pairs...
Generated 524 positive pairs
Mining hard negative pairs...
Generated 524 negative pairs

============================================================
DATASET STATISTICS
============================================================
Total pairs: 1818
Positive pairs: 909 (50.0%)
Negative pairs: 909 (50.0%)

Computing normalization statistics...
Normalization stats computed:
  Mean: [1087.0625      44.263515    64.16978      2.8437269]
  Std: [665.86646    34.233093   42.168903    2.7390003]

Dataset split:
  Training samples: 1454
  Validation samples: 364

============================================================
CREATING MODEL
============================================================

Model parameters: 567,937

============================================================
STARTING TRAINING - 50 EPOCHS
============================================================

Epoch 1/50
------------------------------------------------------------

Epoch 1 Summary:
  Train Loss: 1.0906 | Val Loss: 0.5661
  Train Acc:  48.56% | Val Acc:  45.88%
  Learning Rate: 0.001000
  ✓ Best loss model saved!
  ✓ Best accuracy model saved!

Epoch 2/50
------------------------------------------------------------

Epoch 2 Summary:
  Train Loss: 0.5652 | Val Loss: 0.5269
  Train Acc:  53.51% | Val Acc:  61.81%
  Learning Rate: 0.001000
  ✓ Best loss model saved!
  ✓ Best accuracy model saved!

Epoch 3/50
------------------------------------------------------------

Epoch 3 Summary:
  Train Loss: 0.5470 | Val Loss: 0.5155
  Train Acc:  54.75% | Val Acc:  56.32%
  Learning Rate: 0.001000
  ✓ Best loss model saved!

Epoch 4/50
------------------------------------------------------------

Epoch 4 Summary:
  Train Loss: 0.5399 | Val Loss: 0.5150
  Train Acc:  57.98% | Val Acc:  56.32%
  Learning Rate: 0.001000
  ✓ Best loss model saved!

Epoch 5/50
------------------------------------------------------------

Epoch 5 Summary:
  Train Loss: 0.5244 | Val Loss: 0.5124
  Train Acc:  58.87% | Val Acc:  56.32%
  Learning Rate: 0.001000
  ✓ Best loss model saved!

Epoch 6/50
------------------------------------------------------------

Epoch 6 Summary:
  Train Loss: 0.5136 | Val Loss: 0.5240
  Train Acc:  59.77% | Val Acc:  60.99%
  Learning Rate: 0.001000

Epoch 7/50
------------------------------------------------------------

Epoch 7 Summary:
  Train Loss: 0.5157 | Val Loss: 0.5031
  Train Acc:  60.45% | Val Acc:  59.89%
  Learning Rate: 0.001000
  ✓ Best loss model saved!

Epoch 8/50
------------------------------------------------------------

Epoch 8 Summary:
  Train Loss: 0.5107 | Val Loss: 0.4940
  Train Acc:  61.00% | Val Acc:  65.38%
  Learning Rate: 0.001000
  ✓ Best loss model saved!
  ✓ Best accuracy model saved!

Epoch 9/50
------------------------------------------------------------

Epoch 9 Summary:
  Train Loss: 0.5081 | Val Loss: 0.4936
  Train Acc:  60.18% | Val Acc:  60.71%
  Learning Rate: 0.001000
  ✓ Best loss model saved!

Epoch 10/50
------------------------------------------------------------

Epoch 10 Summary:
  Train Loss: 0.5043 | Val Loss: 0.5093
  Train Acc:  59.83% | Val Acc:  59.34%
  Learning Rate: 0.001000

Epoch 11/50
------------------------------------------------------------

Epoch 11 Summary:
  Train Loss: 0.5032 | Val Loss: 0.5060
  Train Acc:  60.59% | Val Acc:  60.16%
  Learning Rate: 0.001000

Epoch 12/50
------------------------------------------------------------

Epoch 12 Summary:
  Train Loss: 0.4774 | Val Loss: 0.4782
  Train Acc:  63.69% | Val Acc:  67.03%
  Learning Rate: 0.001000
  ✓ Best loss model saved!
  ✓ Best accuracy model saved!

Epoch 13/50
------------------------------------------------------------

Epoch 13 Summary:
  Train Loss: 0.4643 | Val Loss: 0.4705
  Train Acc:  66.09% | Val Acc:  61.54%
  Learning Rate: 0.001000
  ✓ Best loss model saved!

Epoch 14/50
------------------------------------------------------------

Epoch 14 Summary:
  Train Loss: 0.4568 | Val Loss: 0.4538
  Train Acc:  68.78% | Val Acc:  69.23%
  Learning Rate: 0.001000
  ✓ Best loss model saved!
  ✓ Best accuracy model saved!

Epoch 15/50
------------------------------------------------------------

Epoch 15 Summary:
  Train Loss: 0.4472 | Val Loss: 0.4591
  Train Acc:  69.33% | Val Acc:  65.66%
  Learning Rate: 0.001000

Epoch 16/50
------------------------------------------------------------

Epoch 16 Summary:
  Train Loss: 0.4430 | Val Loss: 0.4509
  Train Acc:  69.94% | Val Acc:  67.31%
  Learning Rate: 0.000500
  ✓ Best loss model saved!

Epoch 17/50
------------------------------------------------------------

Epoch 17 Summary:
  Train Loss: 0.4351 | Val Loss: 0.4450
  Train Acc:  70.15% | Val Acc:  67.03%
  Learning Rate: 0.000500
  ✓ Best loss model saved!

Epoch 18/50
------------------------------------------------------------

Epoch 18 Summary:
  Train Loss: 0.4306 | Val Loss: 0.4543
  Train Acc:  70.77% | Val Acc:  66.48%
  Learning Rate: 0.000500

Epoch 19/50
------------------------------------------------------------

Epoch 19 Summary:
  Train Loss: 0.4319 | Val Loss: 0.4412
  Train Acc:  70.15% | Val Acc:  68.41%
  Learning Rate: 0.000500
  ✓ Best loss model saved!

Epoch 20/50
------------------------------------------------------------

Epoch 20 Summary:
  Train Loss: 0.4184 | Val Loss: 0.4546
  Train Acc:  71.39% | Val Acc:  67.58%
  Learning Rate: 0.000500

Epoch 21/50
------------------------------------------------------------

Epoch 21 Summary:
  Train Loss: 0.4184 | Val Loss: 0.4410
  Train Acc:  71.53% | Val Acc:  69.23%
  Learning Rate: 0.000500
  ✓ Best loss model saved!

Epoch 22/50
------------------------------------------------------------

Epoch 22 Summary:
  Train Loss: 0.4128 | Val Loss: 0.4220
  Train Acc:  71.18% | Val Acc:  68.41%
  Learning Rate: 0.000500
  ✓ Best loss model saved!

Epoch 23/50
------------------------------------------------------------

Epoch 23 Summary:
  Train Loss: 0.4035 | Val Loss: 0.4318
  Train Acc:  72.49% | Val Acc:  71.70%
  Learning Rate: 0.000500
  ✓ Best accuracy model saved!

Epoch 24/50
------------------------------------------------------------

Epoch 24 Summary:
  Train Loss: 0.4029 | Val Loss: 0.4078
  Train Acc:  72.49% | Val Acc:  68.96%
  Learning Rate: 0.000500
  ✓ Best loss model saved!

Epoch 25/50
------------------------------------------------------------

Epoch 25 Summary:
  Train Loss: 0.3915 | Val Loss: 0.4007
  Train Acc:  74.55% | Val Acc:  70.60%
  Learning Rate: 0.000500
  ✓ Best loss model saved!

Epoch 26/50
------------------------------------------------------------

Epoch 26 Summary:
  Train Loss: 0.3887 | Val Loss: 0.3951
  Train Acc:  73.87% | Val Acc:  74.45%
  Learning Rate: 0.000500
  ✓ Best loss model saved!
  ✓ Best accuracy model saved!

Epoch 27/50
------------------------------------------------------------

Epoch 27 Summary:
  Train Loss: 0.3805 | Val Loss: 0.4029
  Train Acc:  75.31% | Val Acc:  73.63%
  Learning Rate: 0.000500

Epoch 28/50
------------------------------------------------------------

Epoch 28 Summary:
  Train Loss: 0.3812 | Val Loss: 0.4004
  Train Acc:  73.73% | Val Acc:  75.27%
  Learning Rate: 0.000500
  ✓ Best accuracy model saved!

Epoch 29/50
------------------------------------------------------------

Epoch 29 Summary:
  Train Loss: 0.3801 | Val Loss: 0.3976
  Train Acc:  75.38% | Val Acc:  74.18%
  Learning Rate: 0.000500

Epoch 30/50
------------------------------------------------------------

Epoch 30 Summary:
  Train Loss: 0.3736 | Val Loss: 0.3901
  Train Acc:  75.58% | Val Acc:  75.55%
  Learning Rate: 0.000500
  ✓ Best loss model saved!
  ✓ Best accuracy model saved!

Epoch 31/50
------------------------------------------------------------

Epoch 31 Summary:
  Train Loss: 0.3648 | Val Loss: 0.3761
  Train Acc:  76.07% | Val Acc:  77.20%
  Learning Rate: 0.000250
  ✓ Best loss model saved!
  ✓ Best accuracy model saved!

Epoch 32/50
------------------------------------------------------------

Epoch 32 Summary:
  Train Loss: 0.3547 | Val Loss: 0.3774
  Train Acc:  77.72% | Val Acc:  75.82%
  Learning Rate: 0.000250

Epoch 33/50
------------------------------------------------------------

Epoch 33 Summary:
  Train Loss: 0.3582 | Val Loss: 0.3794
  Train Acc:  77.72% | Val Acc:  75.82%
  Learning Rate: 0.000250

Epoch 34/50
------------------------------------------------------------

Epoch 34 Summary:
  Train Loss: 0.3509 | Val Loss: 0.3777
  Train Acc:  78.06% | Val Acc:  78.30%
  Learning Rate: 0.000250
  ✓ Best accuracy model saved!

Epoch 35/50
------------------------------------------------------------

Epoch 35 Summary:
  Train Loss: 0.3501 | Val Loss: 0.3809
  Train Acc:  77.37% | Val Acc:  77.20%
  Learning Rate: 0.000250

Epoch 36/50
------------------------------------------------------------

Epoch 36 Summary:
  Train Loss: 0.3541 | Val Loss: 0.3820
  Train Acc:  77.51% | Val Acc:  76.92%
  Learning Rate: 0.000250

Epoch 37/50
------------------------------------------------------------

Epoch 37 Summary:
  Train Loss: 0.3539 | Val Loss: 0.3734
  Train Acc:  77.10% | Val Acc:  76.37%
  Learning Rate: 0.000250
  ✓ Best loss model saved!

Epoch 38/50
------------------------------------------------------------

Epoch 38 Summary:
  Train Loss: 0.3421 | Val Loss: 0.3729
  Train Acc:  77.85% | Val Acc:  77.75%
  Learning Rate: 0.000250
  ✓ Best loss model saved!

Epoch 39/50
------------------------------------------------------------

Epoch 39 Summary:
  Train Loss: 0.3398 | Val Loss: 0.3762
  Train Acc:  78.95% | Val Acc:  76.92%
  Learning Rate: 0.000250

Epoch 40/50
------------------------------------------------------------

Epoch 40 Summary:
  Train Loss: 0.3454 | Val Loss: 0.3643
  Train Acc:  77.85% | Val Acc:  76.37%
  Learning Rate: 0.000250
  ✓ Best loss model saved!

Epoch 41/50
------------------------------------------------------------

Epoch 41 Summary:
  Train Loss: 0.3408 | Val Loss: 0.3676
  Train Acc:  77.65% | Val Acc:  77.75%
  Learning Rate: 0.000250

Epoch 42/50
------------------------------------------------------------

Epoch 42 Summary:
  Train Loss: 0.3337 | Val Loss: 0.3668
  Train Acc:  78.47% | Val Acc:  76.37%
  Learning Rate: 0.000250

Epoch 43/50
------------------------------------------------------------

Epoch 43 Summary:
  Train Loss: 0.3406 | Val Loss: 0.3785
  Train Acc:  78.20% | Val Acc:  76.10%
  Learning Rate: 0.000250

Epoch 44/50
------------------------------------------------------------

Epoch 44 Summary:
  Train Loss: 0.3434 | Val Loss: 0.3628
  Train Acc:  77.85% | Val Acc:  77.47%
  Learning Rate: 0.000250
  ✓ Best loss model saved!

Epoch 45/50
------------------------------------------------------------

Epoch 45 Summary:
  Train Loss: 0.3431 | Val Loss: 0.3658
  Train Acc:  78.61% | Val Acc:  77.47%
  Learning Rate: 0.000250

Epoch 46/50
------------------------------------------------------------

Epoch 46 Summary:
  Train Loss: 0.3402 | Val Loss: 0.3664
  Train Acc:  78.13% | Val Acc:  76.92%
  Learning Rate: 0.000125

Epoch 47/50
------------------------------------------------------------

Epoch 47 Summary:
  Train Loss: 0.3290 | Val Loss: 0.3635
  Train Acc:  79.64% | Val Acc:  78.30%
  Learning Rate: 0.000125

Epoch 48/50
------------------------------------------------------------

Epoch 48 Summary:
  Train Loss: 0.3256 | Val Loss: 0.3564
  Train Acc:  80.26% | Val Acc:  77.47%
  Learning Rate: 0.000125
  ✓ Best loss model saved!

Epoch 49/50
------------------------------------------------------------

Epoch 49 Summary:
  Train Loss: 0.3289 | Val Loss: 0.3617
  Train Acc:  79.57% | Val Acc:  76.65%
  Learning Rate: 0.000125

Epoch 50/50
------------------------------------------------------------

Epoch 50 Summary:
  Train Loss: 0.3201 | Val Loss: 0.3609
  Train Acc:  80.06% | Val Acc:  77.75%
  Learning Rate: 0.000125

============================================================
TRAINING COMPLETE!
============================================================
Best Validation Loss: 0.3564
Best Validation Accuracy: 78.30%

Training history saved to: /home/raswanth/Assignment/Project/Siamese-Network/outputs/training_history.json
Training curves saved to: /home/raswanth/Assignment/Project/Siamese-Network/outputs/training_curves.png

========================================================================
TRAINING JOB COMPLETED
========================================================================
End Time: Mon Dec  1 18:53:36 MST 2025
Job ID: 41079040
Check outputs in: ./outputs/
  - best_accuracy.pth (best model by accuracy)
  - best_loss.pth (best model by loss)
  - training_curves.png (training plots)
  - training_history.json (metrics)
========================================================================
