/home/raswanth/.conda/envs/i24/lib/python3.10/site-packages/optuna/_experimental.py:33: ExperimentalWarning: Argument ``multivariate`` is an experimental feature. The interface can change in the future.
  optuna_warn(
[I 2026-02-08 01:32:22,504] Using an existing study with name 'lr_optuna_models' instead of creating a new one.
[I 2026-02-08 01:32:22,644] Using an existing study with name 'lr_optuna_pipeline' instead of creating a new one.
[I 2026-02-08 01:34:31,153] Trial 31 pruned. 
[I 2026-02-08 01:36:32,545] Trial 32 pruned. 
[I 2026-02-08 01:38:35,691] Trial 33 pruned. 
[I 2026-02-08 01:40:36,633] Trial 34 pruned. 
[I 2026-02-08 01:42:37,113] Trial 35 pruned. 
[I 2026-02-08 01:44:38,155] Trial 36 pruned. 
[I 2026-02-08 01:46:41,515] Trial 37 pruned. 
[I 2026-02-08 01:48:41,268] Trial 38 pruned. 
[I 2026-02-08 01:50:45,219] Trial 39 pruned. 
[I 2026-02-08 01:52:46,381] Trial 40 pruned. 
[I 2026-02-08 01:54:50,449] Trial 41 pruned. 
[I 2026-02-08 01:56:54,170] Trial 42 pruned. 
[I 2026-02-08 01:58:57,208] Trial 43 pruned. 
[I 2026-02-08 02:00:56,439] Trial 44 pruned. 
[I 2026-02-08 02:03:02,081] Trial 45 pruned. 
[I 2026-02-08 02:05:03,625] Trial 46 pruned. 
[I 2026-02-08 02:07:04,782] Trial 47 pruned. 
[I 2026-02-08 02:09:03,247] Trial 48 pruned. 
[I 2026-02-08 02:11:07,343] Trial 49 pruned. 
[I 2026-02-08 02:13:06,703] Trial 50 pruned. 
[I 2026-02-08 02:15:08,423] Trial 51 pruned. 
[I 2026-02-08 02:17:17,645] Trial 52 pruned. 
[I 2026-02-08 02:19:22,637] Trial 53 pruned. 
[I 2026-02-08 02:21:27,124] Trial 54 pruned. 
[I 2026-02-08 02:23:31,212] Trial 55 pruned. 
[I 2026-02-08 02:25:37,133] Trial 56 pruned. 
[I 2026-02-08 02:27:42,316] Trial 57 pruned. 
[I 2026-02-08 02:29:46,328] Trial 58 pruned. 
[I 2026-02-08 02:31:47,220] Trial 59 pruned. 
[I 2026-02-08 02:33:50,271] Trial 60 pruned. 
[I 2026-02-08 02:35:52,700] Trial 61 pruned. 
[I 2026-02-08 02:37:55,716] Trial 62 pruned. 
[I 2026-02-08 02:39:57,215] Trial 63 pruned. 
[I 2026-02-08 02:41:57,670] Trial 64 pruned. 
[I 2026-02-08 02:43:59,910] Trial 65 pruned. 
[I 2026-02-08 02:46:00,651] Trial 66 pruned. 
[I 2026-02-08 02:48:01,683] Trial 67 pruned. 
[I 2026-02-08 02:50:09,848] Trial 68 pruned. 
[I 2026-02-08 02:52:13,343] Trial 69 pruned. 
[I 2026-02-08 02:54:15,169] Trial 70 pruned. 
[I 2026-02-08 02:56:19,463] Trial 71 pruned. 
[I 2026-02-08 02:58:20,164] Trial 72 pruned. 
[I 2026-02-08 03:00:24,497] Trial 73 pruned. 
[I 2026-02-08 03:02:24,560] Trial 74 pruned. 
[I 2026-02-08 03:04:31,650] Trial 75 pruned. 
[I 2026-02-08 03:06:32,826] Trial 76 pruned. 
[I 2026-02-08 03:08:31,477] Trial 77 pruned. 
[I 2026-02-08 03:10:35,617] Trial 78 pruned. 
[I 2026-02-08 03:12:36,373] Trial 79 pruned. 
[I 2026-02-08 03:14:38,303] Trial 80 pruned. 
[I 2026-02-08 03:16:41,496] Trial 81 pruned. 
[I 2026-02-08 03:18:47,370] Trial 82 pruned. 
[I 2026-02-08 03:20:55,281] Trial 83 pruned. 
[I 2026-02-08 03:23:00,347] Trial 84 pruned. 
[I 2026-02-08 03:25:04,844] Trial 85 pruned. 
[I 2026-02-08 03:27:12,090] Trial 86 pruned. 
[I 2026-02-08 03:29:12,936] Trial 87 pruned. 
[I 2026-02-08 03:31:18,171] Trial 88 pruned. 
[I 2026-02-08 03:33:24,218] Trial 89 pruned. 
[I 2026-02-08 03:35:27,503] Trial 90 pruned. 
[I 2026-02-08 03:37:31,220] Trial 91 pruned. 
[I 2026-02-08 03:39:35,355] Trial 92 pruned. 
[I 2026-02-08 03:41:39,381] Trial 93 pruned. 
[I 2026-02-08 03:43:47,660] Trial 94 pruned. 
[I 2026-02-08 03:45:53,137] Trial 95 pruned. 
[I 2026-02-08 03:47:56,839] Trial 96 pruned. 
